2018-04-28 16:01:34.639  INFO 12071 --- [main] c.jnrise.server.LandingPageApplication   : Starting LandingPageApplication on weifengdeMacBook-Pro.local with PID 12071 (/Users/wuwf/project/landing_page/target/classes started by wuwf in /Users/wuwf/project/landing_page)
2018-04-28 16:01:34.661  INFO 12071 --- [main] c.jnrise.server.LandingPageApplication   : No active profile set, falling back to default profiles: default
2018-04-28 16:01:34.851  INFO 12071 --- [main] ConfigServletWebServerApplicationContext : Refreshing org.springframework.boot.web.servlet.context.AnnotationConfigServletWebServerApplicationContext@323b36e0: startup date [Sat Apr 28 16:01:34 CST 2018]; root of context hierarchy
2018-04-28 16:01:36.819  INFO 12071 --- [main] trationDelegate$BeanPostProcessorChecker : Bean 'org.springframework.transaction.annotation.ProxyTransactionManagementConfiguration' of type [org.springframework.transaction.annotation.ProxyTransactionManagementConfiguration$$EnhancerBySpringCGLIB$$a9c76481] is not eligible for getting processed by all BeanPostProcessors (for example: not eligible for auto-proxying)
2018-04-28 16:01:36.881  INFO 12071 --- [main] trationDelegate$BeanPostProcessorChecker : Bean 'org.springframework.cache.annotation.ProxyCachingConfiguration' of type [org.springframework.cache.annotation.ProxyCachingConfiguration$$EnhancerBySpringCGLIB$$f2d99a9f] is not eligible for getting processed by all BeanPostProcessors (for example: not eligible for auto-proxying)
2018-04-28 16:01:36.897  INFO 12071 --- [main] trationDelegate$BeanPostProcessorChecker : Bean 'org.springframework.boot.autoconfigure.cache.CacheAutoConfiguration' of type [org.springframework.boot.autoconfigure.cache.CacheAutoConfiguration$$EnhancerBySpringCGLIB$$e74d5f43] is not eligible for getting processed by all BeanPostProcessors (for example: not eligible for auto-proxying)
2018-04-28 16:01:36.914  INFO 12071 --- [main] trationDelegate$BeanPostProcessorChecker : Bean 'org.springframework.boot.context.properties.ConversionServiceDeducer$Factory' of type [org.springframework.boot.context.properties.ConversionServiceDeducer$Factory] is not eligible for getting processed by all BeanPostProcessors (for example: not eligible for auto-proxying)
2018-04-28 16:01:36.931  INFO 12071 --- [main] trationDelegate$BeanPostProcessorChecker : Bean 'spring.cache-org.springframework.boot.autoconfigure.cache.CacheProperties' of type [org.springframework.boot.autoconfigure.cache.CacheProperties] is not eligible for getting processed by all BeanPostProcessors (for example: not eligible for auto-proxying)
2018-04-28 16:01:36.942  INFO 12071 --- [main] trationDelegate$BeanPostProcessorChecker : Bean 'cacheManagerCustomizers' of type [org.springframework.boot.autoconfigure.cache.CacheManagerCustomizers] is not eligible for getting processed by all BeanPostProcessors (for example: not eligible for auto-proxying)
2018-04-28 16:01:36.947  INFO 12071 --- [main] trationDelegate$BeanPostProcessorChecker : Bean 'org.springframework.boot.autoconfigure.cache.CaffeineCacheConfiguration' of type [org.springframework.boot.autoconfigure.cache.CaffeineCacheConfiguration$$EnhancerBySpringCGLIB$$1913f88b] is not eligible for getting processed by all BeanPostProcessors (for example: not eligible for auto-proxying)
2018-04-28 16:01:36.959  INFO 12071 --- [main] trationDelegate$BeanPostProcessorChecker : Bean 'cacheManager' of type [org.springframework.cache.caffeine.CaffeineCacheManager] is not eligible for getting processed by all BeanPostProcessors (for example: not eligible for auto-proxying)
2018-04-28 16:01:36.960  INFO 12071 --- [main] trationDelegate$BeanPostProcessorChecker : Bean 'cacheAutoConfigurationValidator' of type [org.springframework.boot.autoconfigure.cache.CacheAutoConfiguration$CacheManagerValidator] is not eligible for getting processed by all BeanPostProcessors (for example: not eligible for auto-proxying)
2018-04-28 16:01:37.298  INFO 12071 --- [main] o.s.b.w.embedded.tomcat.TomcatWebServer  : Tomcat initialized with port(s): 8080 (http)
2018-04-28 16:01:37.339  INFO 12071 --- [main] o.apache.catalina.core.StandardService   : Starting service [Tomcat]
2018-04-28 16:01:37.340  INFO 12071 --- [main] org.apache.catalina.core.StandardEngine  : Starting Servlet Engine: Apache Tomcat/8.5.29
2018-04-28 16:01:37.346  INFO 12071 --- [localhost-startStop-1] o.a.catalina.core.AprLifecycleListener   : The APR based Apache Tomcat Native library which allows optimal performance in production environments was not found on the java.library.path: [/Users/wuwf/Library/Java/Extensions:/Library/Java/Extensions:/Network/Library/Java/Extensions:/System/Library/Java/Extensions:/usr/lib/java:.]
2018-04-28 16:01:37.437  INFO 12071 --- [localhost-startStop-1] o.a.c.c.C.[Tomcat].[localhost].[/]       : Initializing Spring embedded WebApplicationContext
2018-04-28 16:01:37.437  INFO 12071 --- [localhost-startStop-1] o.s.web.context.ContextLoader            : Root WebApplicationContext: initialization completed in 2586 ms
2018-04-28 16:01:37.605  INFO 12071 --- [localhost-startStop-1] o.s.b.w.servlet.ServletRegistrationBean  : Servlet dispatcherServlet mapped to [/]
2018-04-28 16:01:37.610  INFO 12071 --- [localhost-startStop-1] o.s.b.w.servlet.FilterRegistrationBean   : Mapping filter: 'characterEncodingFilter' to: [/*]
2018-04-28 16:01:37.611  INFO 12071 --- [localhost-startStop-1] o.s.b.w.servlet.FilterRegistrationBean   : Mapping filter: 'hiddenHttpMethodFilter' to: [/*]
2018-04-28 16:01:37.611  INFO 12071 --- [localhost-startStop-1] o.s.b.w.servlet.FilterRegistrationBean   : Mapping filter: 'httpPutFormContentFilter' to: [/*]
2018-04-28 16:01:37.611  INFO 12071 --- [localhost-startStop-1] o.s.b.w.servlet.FilterRegistrationBean   : Mapping filter: 'requestContextFilter' to: [/*]
2018-04-28 16:01:38.009  INFO 12071 --- [main] j.LocalContainerEntityManagerFactoryBean : Building JPA container EntityManagerFactory for persistence unit 'default'
2018-04-28 16:01:38.169  INFO 12071 --- [main] o.hibernate.jpa.internal.util.LogHelper  : HHH000204: Processing PersistenceUnitInfo [
	name: default
	...]
2018-04-28 16:01:38.331  INFO 12071 --- [main] org.hibernate.Version                    : HHH000412: Hibernate Core {5.2.16.Final}
2018-04-28 16:01:38.338  INFO 12071 --- [main] org.hibernate.cfg.Environment            : HHH000206: hibernate.properties not found
2018-04-28 16:01:38.397  INFO 12071 --- [main] o.hibernate.annotations.common.Version   : HCANN000001: Hibernate Commons Annotations {5.0.1.Final}
2018-04-28 16:01:38.694  INFO 12071 --- [main] com.zaxxer.hikari.HikariDataSource       : HikariPool-1 - Starting...
2018-04-28 16:01:39.520  INFO 12071 --- [main] com.zaxxer.hikari.HikariDataSource       : HikariPool-1 - Start completed.
2018-04-28 16:01:39.534  INFO 12071 --- [main] org.hibernate.dialect.Dialect            : HHH000400: Using dialect: org.hibernate.dialect.MySQL5InnoDBDialect
2018-04-28 16:01:40.976  INFO 12071 --- [main] j.LocalContainerEntityManagerFactoryBean : Initialized JPA EntityManagerFactory for persistence unit 'default'
2018-04-28 16:01:41.894  INFO 12071 --- [main] o.s.w.s.handler.SimpleUrlHandlerMapping  : Mapped URL path [/**/favicon.ico] onto handler of type [class org.springframework.web.servlet.resource.ResourceHttpRequestHandler]
2018-04-28 16:01:42.173  INFO 12071 --- [main] s.w.s.m.m.a.RequestMappingHandlerAdapter : Looking for @ControllerAdvice: org.springframework.boot.web.servlet.context.AnnotationConfigServletWebServerApplicationContext@323b36e0: startup date [Sat Apr 28 16:01:34 CST 2018]; root of context hierarchy
2018-04-28 16:01:42.214  WARN 12071 --- [main] aWebConfiguration$JpaWebMvcConfiguration : spring.jpa.open-in-view is enabled by default. Therefore, database queries may be performed during view rendering. Explicitly configure spring.jpa.open-in-view to disable this warning
2018-04-28 16:01:42.247  INFO 12071 --- [main] s.w.s.m.m.a.RequestMappingHandlerMapping : Mapped "{[/channel],methods=[GET]}" onto public com.jnrise.server.bean.AllChannelData com.jnrise.server.controller.ChannelController.findAll()
2018-04-28 16:01:42.251  INFO 12071 --- [main] s.w.s.m.m.a.RequestMappingHandlerMapping : Mapped "{[/enter],methods=[POST]}" onto public com.jnrise.server.bean.EnterData com.jnrise.server.controller.EnterController.add(com.jnrise.server.model.Enter)
2018-04-28 16:01:42.252  INFO 12071 --- [main] s.w.s.m.m.a.RequestMappingHandlerMapping : Mapped "{[/info],methods=[POST]}" onto public com.jnrise.server.bean.InfoData com.jnrise.server.controller.InfoController.save(com.jnrise.server.model.Info)
2018-04-28 16:01:42.253  INFO 12071 --- [main] s.w.s.m.m.a.RequestMappingHandlerMapping : Mapped "{[/info],methods=[GET]}" onto public com.jnrise.server.requestbody.InfoQuery com.jnrise.server.controller.InfoController.f()
2018-04-28 16:01:42.254  INFO 12071 --- [main] s.w.s.m.m.a.RequestMappingHandlerMapping : Mapped "{[/excel/query]}" onto public com.jnrise.server.bean.InfoListData com.jnrise.server.controller.InfoExcelController.query(com.jnrise.server.requestbody.InfoQuery)
2018-04-28 16:01:42.255  INFO 12071 --- [main] s.w.s.m.m.a.RequestMappingHandlerMapping : Mapped "{[/excel/download]}" onto public void com.jnrise.server.controller.InfoExcelController.downloadByPoiBaseView(com.jnrise.server.requestbody.InfoQuery,org.springframework.ui.ModelMap,javax.servlet.http.HttpServletRequest,javax.servlet.http.HttpServletResponse)
2018-04-28 16:01:42.256  INFO 12071 --- [main] s.w.s.m.m.a.RequestMappingHandlerMapping : Mapped "{[/login],methods=[POST]}" onto public com.jnrise.server.bean.LoginData com.jnrise.server.controller.LoginController.login(com.jnrise.server.model.User)
2018-04-28 16:01:42.257  INFO 12071 --- [main] s.w.s.m.m.a.RequestMappingHandlerMapping : Mapped "{[/mobile],methods=[POST]}" onto public com.jnrise.server.bean.MobileData com.jnrise.server.controller.MobileController.add(com.jnrise.server.model.Mobile)
2018-04-28 16:01:42.258  INFO 12071 --- [main] s.w.s.m.m.a.RequestMappingHandlerMapping : Mapped "{[/{s}]}" onto public java.lang.String com.jnrise.server.controller.RedirectController.redirect(java.lang.String,javax.servlet.http.HttpServletResponse) throws java.lang.Exception
2018-04-28 16:01:42.262  INFO 12071 --- [main] s.w.s.m.m.a.RequestMappingHandlerMapping : Mapped "{[/error]}" onto public org.springframework.http.ResponseEntity<java.util.Map<java.lang.String, java.lang.Object>> org.springframework.boot.autoconfigure.web.servlet.error.BasicErrorController.error(javax.servlet.http.HttpServletRequest)
2018-04-28 16:01:42.263  INFO 12071 --- [main] s.w.s.m.m.a.RequestMappingHandlerMapping : Mapped "{[/error],produces=[text/html]}" onto public org.springframework.web.servlet.ModelAndView org.springframework.boot.autoconfigure.web.servlet.error.BasicErrorController.errorHtml(javax.servlet.http.HttpServletRequest,javax.servlet.http.HttpServletResponse)
2018-04-28 16:01:42.299  INFO 12071 --- [main] o.s.w.s.handler.SimpleUrlHandlerMapping  : Mapped URL path [/webjars/**] onto handler of type [class org.springframework.web.servlet.resource.ResourceHttpRequestHandler]
2018-04-28 16:01:42.300  INFO 12071 --- [main] o.s.w.s.handler.SimpleUrlHandlerMapping  : Mapped URL path [/**] onto handler of type [class org.springframework.web.servlet.resource.ResourceHttpRequestHandler]
2018-04-28 16:01:42.646  INFO 12071 --- [main] o.s.j.e.a.AnnotationMBeanExporter        : Registering beans for JMX exposure on startup
2018-04-28 16:01:42.648  INFO 12071 --- [main] o.s.j.e.a.AnnotationMBeanExporter        : Bean with name 'dataSource' has been autodetected for JMX exposure
2018-04-28 16:01:42.654  INFO 12071 --- [main] o.s.j.e.a.AnnotationMBeanExporter        : Located MBean 'dataSource': registering with JMX server as MBean [com.zaxxer.hikari:name=dataSource,type=HikariDataSource]
2018-04-28 16:01:42.704  INFO 12071 --- [main] o.s.b.w.embedded.tomcat.TomcatWebServer  : Tomcat started on port(s): 8080 (http) with context path ''
2018-04-28 16:01:42.708  INFO 12071 --- [main] c.jnrise.server.LandingPageApplication   : Started LandingPageApplication in 8.87 seconds (JVM running for 9.967)
2018-04-28 16:01:45.630  INFO 12071 --- [http-nio-8080-exec-1] o.a.c.c.C.[Tomcat].[localhost].[/]       : Initializing Spring FrameworkServlet 'dispatcherServlet'
2018-04-28 16:01:45.631  INFO 12071 --- [http-nio-8080-exec-1] o.s.web.servlet.DispatcherServlet        : FrameworkServlet 'dispatcherServlet': initialization started
2018-04-28 16:01:45.659  INFO 12071 --- [http-nio-8080-exec-1] o.s.web.servlet.DispatcherServlet        : FrameworkServlet 'dispatcherServlet': initialization completed in 27 ms
2018-04-28 16:12:43.496  INFO 12071 --- [Thread-21] ConfigServletWebServerApplicationContext : Closing org.springframework.boot.web.servlet.context.AnnotationConfigServletWebServerApplicationContext@323b36e0: startup date [Sat Apr 28 16:01:34 CST 2018]; root of context hierarchy
2018-04-28 16:12:43.499  INFO 12071 --- [Thread-21] o.s.j.e.a.AnnotationMBeanExporter        : Unregistering JMX-exposed beans on shutdown
2018-04-28 16:12:43.502  INFO 12071 --- [Thread-21] o.s.j.e.a.AnnotationMBeanExporter        : Unregistering JMX-exposed beans
2018-04-28 16:12:43.511  INFO 12071 --- [Thread-21] j.LocalContainerEntityManagerFactoryBean : Closing JPA EntityManagerFactory for persistence unit 'default'
2018-04-28 16:12:43.513  INFO 12071 --- [Thread-21] com.zaxxer.hikari.HikariDataSource       : HikariPool-1 - Shutdown initiated...
2018-04-28 16:12:43.546  INFO 12071 --- [Thread-21] com.zaxxer.hikari.HikariDataSource       : HikariPool-1 - Shutdown completed.
2018-04-28 16:12:52.094  INFO 12209 --- [main] c.j.server.LandingPageApplicationTests   : Starting LandingPageApplicationTests on weifengdeMacBook-Pro.local with PID 12209 (started by wuwf in /Users/wuwf/project/landing_page)
2018-04-28 16:12:52.096  INFO 12209 --- [main] c.j.server.LandingPageApplicationTests   : No active profile set, falling back to default profiles: default
2018-04-28 16:12:52.332  INFO 12209 --- [main] o.s.w.c.s.GenericWebApplicationContext   : Refreshing org.springframework.web.context.support.GenericWebApplicationContext@38af9828: startup date [Sat Apr 28 16:12:52 CST 2018]; root of context hierarchy
2018-04-28 16:12:55.128  INFO 12209 --- [main] trationDelegate$BeanPostProcessorChecker : Bean 'org.springframework.transaction.annotation.ProxyTransactionManagementConfiguration' of type [org.springframework.transaction.annotation.ProxyTransactionManagementConfiguration$$EnhancerBySpringCGLIB$$645fb696] is not eligible for getting processed by all BeanPostProcessors (for example: not eligible for auto-proxying)
2018-04-28 16:12:55.259  INFO 12209 --- [main] trationDelegate$BeanPostProcessorChecker : Bean 'org.springframework.cache.annotation.ProxyCachingConfiguration' of type [org.springframework.cache.annotation.ProxyCachingConfiguration$$EnhancerBySpringCGLIB$$ad71ecb4] is not eligible for getting processed by all BeanPostProcessors (for example: not eligible for auto-proxying)
2018-04-28 16:12:55.286  INFO 12209 --- [main] trationDelegate$BeanPostProcessorChecker : Bean 'org.springframework.boot.autoconfigure.cache.CacheAutoConfiguration' of type [org.springframework.boot.autoconfigure.cache.CacheAutoConfiguration$$EnhancerBySpringCGLIB$$a1e5b158] is not eligible for getting processed by all BeanPostProcessors (for example: not eligible for auto-proxying)
2018-04-28 16:12:55.309  INFO 12209 --- [main] trationDelegate$BeanPostProcessorChecker : Bean 'org.springframework.boot.context.properties.ConversionServiceDeducer$Factory' of type [org.springframework.boot.context.properties.ConversionServiceDeducer$Factory] is not eligible for getting processed by all BeanPostProcessors (for example: not eligible for auto-proxying)
2018-04-28 16:12:55.323  INFO 12209 --- [main] trationDelegate$BeanPostProcessorChecker : Bean 'spring.cache-org.springframework.boot.autoconfigure.cache.CacheProperties' of type [org.springframework.boot.autoconfigure.cache.CacheProperties] is not eligible for getting processed by all BeanPostProcessors (for example: not eligible for auto-proxying)
2018-04-28 16:12:55.333  INFO 12209 --- [main] trationDelegate$BeanPostProcessorChecker : Bean 'cacheManagerCustomizers' of type [org.springframework.boot.autoconfigure.cache.CacheManagerCustomizers] is not eligible for getting processed by all BeanPostProcessors (for example: not eligible for auto-proxying)
2018-04-28 16:12:55.338  INFO 12209 --- [main] trationDelegate$BeanPostProcessorChecker : Bean 'org.springframework.boot.autoconfigure.cache.CaffeineCacheConfiguration' of type [org.springframework.boot.autoconfigure.cache.CaffeineCacheConfiguration$$EnhancerBySpringCGLIB$$d3ac4aa0] is not eligible for getting processed by all BeanPostProcessors (for example: not eligible for auto-proxying)
2018-04-28 16:12:55.358  INFO 12209 --- [main] trationDelegate$BeanPostProcessorChecker : Bean 'cacheManager' of type [org.springframework.cache.caffeine.CaffeineCacheManager] is not eligible for getting processed by all BeanPostProcessors (for example: not eligible for auto-proxying)
2018-04-28 16:12:55.360  INFO 12209 --- [main] trationDelegate$BeanPostProcessorChecker : Bean 'cacheAutoConfigurationValidator' of type [org.springframework.boot.autoconfigure.cache.CacheAutoConfiguration$CacheManagerValidator] is not eligible for getting processed by all BeanPostProcessors (for example: not eligible for auto-proxying)
2018-04-28 16:12:55.753  INFO 12209 --- [main] j.LocalContainerEntityManagerFactoryBean : Building JPA container EntityManagerFactory for persistence unit 'default'
2018-04-28 16:12:55.777  INFO 12209 --- [main] o.hibernate.jpa.internal.util.LogHelper  : HHH000204: Processing PersistenceUnitInfo [
	name: default
	...]
2018-04-28 16:12:56.108  INFO 12209 --- [main] org.hibernate.Version                    : HHH000412: Hibernate Core {5.2.16.Final}
2018-04-28 16:12:56.112  INFO 12209 --- [main] org.hibernate.cfg.Environment            : HHH000206: hibernate.properties not found
2018-04-28 16:12:56.181  INFO 12209 --- [main] o.hibernate.annotations.common.Version   : HCANN000001: Hibernate Commons Annotations {5.0.1.Final}
2018-04-28 16:12:56.351  INFO 12209 --- [main] com.zaxxer.hikari.HikariDataSource       : HikariPool-1 - Starting...
2018-04-28 16:12:57.015  INFO 12209 --- [main] com.zaxxer.hikari.HikariDataSource       : HikariPool-1 - Start completed.
2018-04-28 16:12:57.055  INFO 12209 --- [main] org.hibernate.dialect.Dialect            : HHH000400: Using dialect: org.hibernate.dialect.MySQL5InnoDBDialect
2018-04-28 16:12:58.255  INFO 12209 --- [main] j.LocalContainerEntityManagerFactoryBean : Initialized JPA EntityManagerFactory for persistence unit 'default'
2018-04-28 16:12:59.909  INFO 12209 --- [main] o.s.w.s.handler.SimpleUrlHandlerMapping  : Mapped URL path [/**/favicon.ico] onto handler of type [class org.springframework.web.servlet.resource.ResourceHttpRequestHandler]
2018-04-28 16:13:00.412  INFO 12209 --- [main] s.w.s.m.m.a.RequestMappingHandlerAdapter : Looking for @ControllerAdvice: org.springframework.web.context.support.GenericWebApplicationContext@38af9828: startup date [Sat Apr 28 16:12:52 CST 2018]; root of context hierarchy
2018-04-28 16:13:00.534  WARN 12209 --- [main] aWebConfiguration$JpaWebMvcConfiguration : spring.jpa.open-in-view is enabled by default. Therefore, database queries may be performed during view rendering. Explicitly configure spring.jpa.open-in-view to disable this warning
2018-04-28 16:13:00.592  INFO 12209 --- [main] s.w.s.m.m.a.RequestMappingHandlerMapping : Mapped "{[/channel],methods=[GET]}" onto public com.jnrise.server.bean.AllChannelData com.jnrise.server.controller.ChannelController.findAll()
2018-04-28 16:13:00.596  INFO 12209 --- [main] s.w.s.m.m.a.RequestMappingHandlerMapping : Mapped "{[/enter],methods=[POST]}" onto public com.jnrise.server.bean.EnterData com.jnrise.server.controller.EnterController.add(com.jnrise.server.model.Enter)
2018-04-28 16:13:00.597  INFO 12209 --- [main] s.w.s.m.m.a.RequestMappingHandlerMapping : Mapped "{[/info],methods=[POST]}" onto public com.jnrise.server.bean.InfoData com.jnrise.server.controller.InfoController.save(com.jnrise.server.model.Info)
2018-04-28 16:13:00.599  INFO 12209 --- [main] s.w.s.m.m.a.RequestMappingHandlerMapping : Mapped "{[/excel/query]}" onto public com.jnrise.server.bean.InfoListData com.jnrise.server.controller.InfoExcelController.query(com.jnrise.server.requestbody.InfoQuery)
2018-04-28 16:13:00.599  INFO 12209 --- [main] s.w.s.m.m.a.RequestMappingHandlerMapping : Mapped "{[/excel/download]}" onto public void com.jnrise.server.controller.InfoExcelController.downloadByPoiBaseView(com.jnrise.server.requestbody.InfoQuery,org.springframework.ui.ModelMap,javax.servlet.http.HttpServletRequest,javax.servlet.http.HttpServletResponse)
2018-04-28 16:13:00.601  INFO 12209 --- [main] s.w.s.m.m.a.RequestMappingHandlerMapping : Mapped "{[/login],methods=[POST]}" onto public com.jnrise.server.bean.LoginData com.jnrise.server.controller.LoginController.login(com.jnrise.server.model.User)
2018-04-28 16:13:00.602  INFO 12209 --- [main] s.w.s.m.m.a.RequestMappingHandlerMapping : Mapped "{[/mobile],methods=[POST]}" onto public com.jnrise.server.bean.MobileData com.jnrise.server.controller.MobileController.add(com.jnrise.server.model.Mobile)
2018-04-28 16:13:00.603  INFO 12209 --- [main] s.w.s.m.m.a.RequestMappingHandlerMapping : Mapped "{[/{s}]}" onto public java.lang.String com.jnrise.server.controller.RedirectController.redirect(java.lang.String,javax.servlet.http.HttpServletResponse) throws java.lang.Exception
2018-04-28 16:13:00.607  INFO 12209 --- [main] s.w.s.m.m.a.RequestMappingHandlerMapping : Mapped "{[/error]}" onto public org.springframework.http.ResponseEntity<java.util.Map<java.lang.String, java.lang.Object>> org.springframework.boot.autoconfigure.web.servlet.error.BasicErrorController.error(javax.servlet.http.HttpServletRequest)
2018-04-28 16:13:00.608  INFO 12209 --- [main] s.w.s.m.m.a.RequestMappingHandlerMapping : Mapped "{[/error],produces=[text/html]}" onto public org.springframework.web.servlet.ModelAndView org.springframework.boot.autoconfigure.web.servlet.error.BasicErrorController.errorHtml(javax.servlet.http.HttpServletRequest,javax.servlet.http.HttpServletResponse)
2018-04-28 16:13:00.666  INFO 12209 --- [main] o.s.w.s.handler.SimpleUrlHandlerMapping  : Mapped URL path [/webjars/**] onto handler of type [class org.springframework.web.servlet.resource.ResourceHttpRequestHandler]
2018-04-28 16:13:00.667  INFO 12209 --- [main] o.s.w.s.handler.SimpleUrlHandlerMapping  : Mapped URL path [/**] onto handler of type [class org.springframework.web.servlet.resource.ResourceHttpRequestHandler]
2018-04-28 16:13:01.272  INFO 12209 --- [main] c.j.server.LandingPageApplicationTests   : Started LandingPageApplicationTests in 10.36 seconds (JVM running for 11.833)
2018-04-28 16:13:01.492  INFO 12209 --- [Thread-2] o.s.w.c.s.GenericWebApplicationContext   : Closing org.springframework.web.context.support.GenericWebApplicationContext@38af9828: startup date [Sat Apr 28 16:12:52 CST 2018]; root of context hierarchy
2018-04-28 16:13:01.500  INFO 12209 --- [Thread-2] j.LocalContainerEntityManagerFactoryBean : Closing JPA EntityManagerFactory for persistence unit 'default'
2018-04-28 16:13:01.501  INFO 12209 --- [Thread-2] com.zaxxer.hikari.HikariDataSource       : HikariPool-1 - Shutdown initiated...
2018-04-28 16:13:01.516  INFO 12209 --- [Thread-2] com.zaxxer.hikari.HikariDataSource       : HikariPool-1 - Shutdown completed.
